<?xml version="1.0" encoding="UTF-8"?>
<testsuite name="zipwith.ZipWithTest" tests="1" skipped="0" failures="0" errors="0" timestamp="2020-12-24T21:14:33" hostname="thiago-queiroz" time="0.162">
  <properties/>
  <testcase name="testUsingComputationScheduler" classname="zipwith.ZipWithTest" time="0.162"/>
  <system-out><![CDATA[]]></system-out>
  <system-err><![CDATA[]]></system-err>
</testsuite>
